  [1m[35m (0.9ms)[0m  [1m[35mCREATE TABLE "schema_migrations" ("version" varchar NOT NULL PRIMARY KEY)[0m
  [1m[35m (0.2ms)[0m  [1m[35mCREATE TABLE "ar_internal_metadata" ("key" varchar NOT NULL PRIMARY KEY, "value" varchar, "created_at" datetime(6) NOT NULL, "updated_at" datetime(6) NOT NULL)[0m
  [1m[36mActiveRecord::InternalMetadata Load (0.2ms)[0m  [1m[34mSELECT * FROM "ar_internal_metadata" WHERE "ar_internal_metadata"."key" = ? ORDER BY "ar_internal_metadata"."key" ASC LIMIT 1[0m  [[nil, "environment"]]
  [1m[36mActiveRecord::InternalMetadata Create (0.2ms)[0m  [1m[32mINSERT INTO "ar_internal_metadata" ("key", "value", "created_at", "updated_at") VALUES ('environment', 'development', '2024-01-07 16:15:46.859239', '2024-01-07 16:15:46.859242') RETURNING "key"[0m
  [1m[36mActiveRecord::SchemaMigration Load (0.1ms)[0m  [1m[34mSELECT "schema_migrations"."version" FROM "schema_migrations" ORDER BY "schema_migrations"."version" ASC[0m
Started GET "/" for 127.0.0.1 at 2024-01-07 21:17:09 +0500
  [1m[36mActiveRecord::SchemaMigration Load (0.2ms)[0m  [1m[34mSELECT "schema_migrations"."version" FROM "schema_migrations" ORDER BY "schema_migrations"."version" ASC[0m
Processing by UsersController#new as HTML
Completed 500 Internal Server Error in 31ms (ActiveRecord: 2.1ms | Allocations: 14123)


  
ActiveRecord::StatementInvalid (Could not find table 'users'):
  
app/controllers/users_controller.rb:4:in `new'
  [1m[36mActiveRecord::InternalMetadata Load (0.2ms)[0m  [1m[34mSELECT * FROM "ar_internal_metadata" WHERE "ar_internal_metadata"."key" = ? ORDER BY "ar_internal_metadata"."key" ASC LIMIT 1[0m  [[nil, "environment"]]
  [1m[36mActiveRecord::SchemaMigration Load (0.1ms)[0m  [1m[34mSELECT "schema_migrations"."version" FROM "schema_migrations" ORDER BY "schema_migrations"."version" ASC[0m
Started GET "/" for 127.0.0.1 at 2024-01-07 21:19:42 +0500
  [1m[36mActiveRecord::SchemaMigration Load (0.1ms)[0m  [1m[34mSELECT "schema_migrations"."version" FROM "schema_migrations" ORDER BY "schema_migrations"."version" ASC[0m
Processing by UsersController#new as HTML
Completed 500 Internal Server Error in 4ms (ActiveRecord: 2.1ms | Allocations: 1832)


  
ActiveRecord::StatementInvalid (Could not find table 'users'):
  
app/controllers/users_controller.rb:4:in `new'
Started GET "/" for 127.0.0.1 at 2024-01-07 21:19:44 +0500
Processing by UsersController#new as HTML
Completed 500 Internal Server Error in 2ms (ActiveRecord: 0.1ms | Allocations: 651)


  
ActiveRecord::StatementInvalid (Could not find table 'users'):
  
app/controllers/users_controller.rb:4:in `new'
Started GET "/" for 127.0.0.1 at 2024-01-07 21:20:21 +0500
  [1m[36mActiveRecord::SchemaMigration Load (0.2ms)[0m  [1m[34mSELECT "schema_migrations"."version" FROM "schema_migrations" ORDER BY "schema_migrations"."version" ASC[0m
Processing by UsersController#new as HTML
Completed 500 Internal Server Error in 19ms (ActiveRecord: 2.5ms | Allocations: 12055)


  
ActiveRecord::StatementInvalid (Could not find table 'users'):
  
app/controllers/users_controller.rb:4:in `new'
  [1m[36mActiveRecord::InternalMetadata Load (0.2ms)[0m  [1m[34mSELECT * FROM "ar_internal_metadata" WHERE "ar_internal_metadata"."key" = ? ORDER BY "ar_internal_metadata"."key" ASC LIMIT 1[0m  [[nil, "environment"]]
  [1m[36mActiveRecord::SchemaMigration Load (0.1ms)[0m  [1m[34mSELECT "schema_migrations"."version" FROM "schema_migrations" ORDER BY "schema_migrations"."version" ASC[0m
Migrating to CreateUsers (20240107162105)
  [1m[36mTRANSACTION (0.1ms)[0m  [1m[36mbegin transaction[0m
  [1m[35m (1.2ms)[0m  [1m[35mCREATE TABLE "users" ("id" integer PRIMARY KEY AUTOINCREMENT NOT NULL, "name" varchar, "email" varchar, "phone_number" varchar, "created_at" datetime(6) NOT NULL, "updated_at" datetime(6) NOT NULL)[0m
  [1m[36mActiveRecord::SchemaMigration Create (0.1ms)[0m  [1m[32mINSERT INTO "schema_migrations" ("version") VALUES ('20240107162105') RETURNING "version"[0m
  [1m[36mTRANSACTION (0.6ms)[0m  [1m[36mcommit transaction[0m
  [1m[36mActiveRecord::SchemaMigration Load (0.1ms)[0m  [1m[34mSELECT "schema_migrations"."version" FROM "schema_migrations" ORDER BY "schema_migrations"."version" ASC[0m
Started GET "/" for 127.0.0.1 at 2024-01-07 21:21:49 +0500
  [1m[36mActiveRecord::SchemaMigration Load (0.2ms)[0m  [1m[34mSELECT "schema_migrations"."version" FROM "schema_migrations" ORDER BY "schema_migrations"."version" ASC[0m
Processing by UsersController#new as HTML
Completed 406 Not Acceptable in 86ms (ActiveRecord: 5.4ms | Allocations: 99535)


  
ActionController::MissingExactTemplate (UsersController#new is missing a template for request formats: text/html):
  
actionpack (7.1.2) lib/action_controller/metal/implicit_render.rb:47:in `default_render'
actionpack (7.1.2) lib/action_controller/metal/basic_implicit_render.rb:7:in `send_action'
actionpack (7.1.2) lib/abstract_controller/base.rb:224:in `process_action'
actionpack (7.1.2) lib/action_controller/metal/rendering.rb:165:in `process_action'
actionpack (7.1.2) lib/abstract_controller/callbacks.rb:259:in `block in process_action'
activesupport (7.1.2) lib/active_support/callbacks.rb:121:in `block in run_callbacks'
actiontext (7.1.2) lib/action_text/rendering.rb:23:in `with_renderer'
actiontext (7.1.2) lib/action_text/engine.rb:69:in `block (4 levels) in <class:Engine>'
activesupport (7.1.2) lib/active_support/callbacks.rb:130:in `instance_exec'
activesupport (7.1.2) lib/active_support/callbacks.rb:130:in `block in run_callbacks'
activesupport (7.1.2) lib/active_support/callbacks.rb:141:in `run_callbacks'
actionpack (7.1.2) lib/abstract_controller/callbacks.rb:258:in `process_action'
actionpack (7.1.2) lib/action_controller/metal/rescue.rb:25:in `process_action'
actionpack (7.1.2) lib/action_controller/metal/instrumentation.rb:74:in `block in process_action'
activesupport (7.1.2) lib/active_support/notifications.rb:206:in `block in instrument'
activesupport (7.1.2) lib/active_support/notifications/instrumenter.rb:58:in `instrument'
activesupport (7.1.2) lib/active_support/notifications.rb:206:in `instrument'
actionpack (7.1.2) lib/action_controller/metal/instrumentation.rb:73:in `process_action'
actionpack (7.1.2) lib/action_controller/metal/params_wrapper.rb:261:in `process_action'
activerecord (7.1.2) lib/active_record/railties/controller_runtime.rb:32:in `process_action'
actionpack (7.1.2) lib/abstract_controller/base.rb:160:in `process'
actionview (7.1.2) lib/action_view/rendering.rb:40:in `process'
actionpack (7.1.2) lib/action_controller/metal.rb:227:in `dispatch'
actionpack (7.1.2) lib/action_controller/metal.rb:309:in `dispatch'
actionpack (7.1.2) lib/action_dispatch/routing/route_set.rb:49:in `dispatch'
actionpack (7.1.2) lib/action_dispatch/routing/route_set.rb:32:in `serve'
actionpack (7.1.2) lib/action_dispatch/journey/router.rb:51:in `block in serve'
actionpack (7.1.2) lib/action_dispatch/journey/router.rb:131:in `block in find_routes'
actionpack (7.1.2) lib/action_dispatch/journey/router.rb:124:in `each'
actionpack (7.1.2) lib/action_dispatch/journey/router.rb:124:in `find_routes'
actionpack (7.1.2) lib/action_dispatch/journey/router.rb:32:in `serve'
actionpack (7.1.2) lib/action_dispatch/routing/route_set.rb:882:in `call'
rack (3.0.8) lib/rack/tempfile_reaper.rb:20:in `call'
rack (3.0.8) lib/rack/etag.rb:29:in `call'
rack (3.0.8) lib/rack/conditional_get.rb:31:in `call'
rack (3.0.8) lib/rack/head.rb:15:in `call'
actionpack (7.1.2) lib/action_dispatch/http/permissions_policy.rb:36:in `call'
actionpack (7.1.2) lib/action_dispatch/http/content_security_policy.rb:33:in `call'
rack-session (2.0.0) lib/rack/session/abstract/id.rb:272:in `context'
rack-session (2.0.0) lib/rack/session/abstract/id.rb:266:in `call'
actionpack (7.1.2) lib/action_dispatch/middleware/cookies.rb:689:in `call'
activerecord (7.1.2) lib/active_record/migration.rb:654:in `call'
actionpack (7.1.2) lib/action_dispatch/middleware/callbacks.rb:29:in `block in call'
activesupport (7.1.2) lib/active_support/callbacks.rb:101:in `run_callbacks'
actionpack (7.1.2) lib/action_dispatch/middleware/callbacks.rb:28:in `call'
actionpack (7.1.2) lib/action_dispatch/middleware/executor.rb:14:in `call'
actionpack (7.1.2) lib/action_dispatch/middleware/actionable_exceptions.rb:16:in `call'
actionpack (7.1.2) lib/action_dispatch/middleware/debug_exceptions.rb:29:in `call'
web-console (4.2.1) lib/web_console/middleware.rb:132:in `call_app'
web-console (4.2.1) lib/web_console/middleware.rb:28:in `block in call'
web-console (4.2.1) lib/web_console/middleware.rb:17:in `catch'
web-console (4.2.1) lib/web_console/middleware.rb:17:in `call'
actionpack (7.1.2) lib/action_dispatch/middleware/show_exceptions.rb:31:in `call'
railties (7.1.2) lib/rails/rack/logger.rb:37:in `call_app'
railties (7.1.2) lib/rails/rack/logger.rb:24:in `block in call'
activesupport (7.1.2) lib/active_support/tagged_logging.rb:135:in `block in tagged'
activesupport (7.1.2) lib/active_support/tagged_logging.rb:39:in `tagged'
activesupport (7.1.2) lib/active_support/tagged_logging.rb:135:in `tagged'
activesupport (7.1.2) lib/active_support/broadcast_logger.rb:240:in `method_missing'
railties (7.1.2) lib/rails/rack/logger.rb:24:in `call'
sprockets-rails (3.4.2) lib/sprockets/rails/quiet_assets.rb:13:in `call'
actionpack (7.1.2) lib/action_dispatch/middleware/remote_ip.rb:92:in `call'
actionpack (7.1.2) lib/action_dispatch/middleware/request_id.rb:28:in `call'
rack (3.0.8) lib/rack/method_override.rb:28:in `call'
rack (3.0.8) lib/rack/runtime.rb:24:in `call'
activesupport (7.1.2) lib/active_support/cache/strategy/local_cache_middleware.rb:29:in `call'
actionpack (7.1.2) lib/action_dispatch/middleware/server_timing.rb:59:in `block in call'
actionpack (7.1.2) lib/action_dispatch/middleware/server_timing.rb:24:in `collect_events'
actionpack (7.1.2) lib/action_dispatch/middleware/server_timing.rb:58:in `call'
actionpack (7.1.2) lib/action_dispatch/middleware/executor.rb:14:in `call'
actionpack (7.1.2) lib/action_dispatch/middleware/static.rb:25:in `call'
rack (3.0.8) lib/rack/sendfile.rb:114:in `call'
actionpack (7.1.2) lib/action_dispatch/middleware/host_authorization.rb:141:in `call'
railties (7.1.2) lib/rails/engine.rb:529:in `call'
puma (6.4.1) lib/puma/configuration.rb:272:in `call'
puma (6.4.1) lib/puma/request.rb:100:in `block in handle_request'
puma (6.4.1) lib/puma/thread_pool.rb:378:in `with_force_shutdown'
puma (6.4.1) lib/puma/request.rb:99:in `handle_request'
puma (6.4.1) lib/puma/server.rb:464:in `process_client'
puma (6.4.1) lib/puma/server.rb:245:in `block in run'
puma (6.4.1) lib/puma/thread_pool.rb:155:in `block in spawn_thread'
Started GET "/" for 127.0.0.1 at 2024-01-07 21:42:04 +0500
  [1m[36mActiveRecord::SchemaMigration Load (0.2ms)[0m  [1m[34mSELECT "schema_migrations"."version" FROM "schema_migrations" ORDER BY "schema_migrations"."version" ASC[0m
Processing by UsersController#new as HTML
  Rendering layout layouts/application.html.erb
  Rendering users/new.html.erb within layouts/application
  Rendered users/_form.html.erb (Duration: 14.6ms | Allocations: 3286)
  Rendered users/new.html.erb within layouts/application (Duration: 15.8ms | Allocations: 3704)
  Rendered layout layouts/application.html.erb (Duration: 3501.0ms | Allocations: 105326)
Completed 200 OK in 3591ms (Views: 3507.7ms | ActiveRecord: 3.0ms | Allocations: 208362)


Started POST "/users" for 127.0.0.1 at 2024-01-07 21:42:32 +0500
Processing by UsersController#create as TURBO_STREAM
  Parameters: {"authenticity_token"=>"[FILTERED]", "user"=>{"name"=>"hibba", "email"=>"hibbabinterizwan@gmail.com", "phone_number"=>"+923215160300"}, "commit"=>"Create User"}
  [1m[36mTRANSACTION (0.1ms)[0m  [1m[36mbegin transaction[0m
  ↳ app/controllers/users_controller.rb:10:in `create'
  [1m[36mUser Create (1.1ms)[0m  [1m[32mINSERT INTO "users" ("name", "email", "phone_number", "created_at", "updated_at") VALUES (?, ?, ?, ?, ?) RETURNING "id"[0m  [["name", "hibba"], ["email", "hibbabinterizwan@gmail.com"], ["phone_number", "+923215160300"], ["created_at", "2024-01-07 16:42:32.995833"], ["updated_at", "2024-01-07 16:42:32.995833"]]
  ↳ app/controllers/users_controller.rb:10:in `create'
  [1m[36mTRANSACTION (0.4ms)[0m  [1m[36mcommit transaction[0m
  ↳ app/controllers/users_controller.rb:10:in `create'
Redirected to http://127.0.0.1:3000/
Completed 302 Found in 18047ms (ActiveRecord: 1.6ms | Allocations: 746931)


Started GET "/" for 127.0.0.1 at 2024-01-07 21:42:51 +0500
Processing by UsersController#new as TURBO_STREAM
  Rendering layout layouts/application.html.erb
  Rendering users/new.html.erb within layouts/application
  Rendered users/_form.html.erb (Duration: 1.8ms | Allocations: 1082)
  Rendered users/new.html.erb within layouts/application (Duration: 2.1ms | Allocations: 1193)
  Rendered layout layouts/application.html.erb (Duration: 4.5ms | Allocations: 2482)
Completed 200 OK in 6ms (Views: 5.1ms | ActiveRecord: 0.0ms | Allocations: 2906)


Started GET "/" for 127.0.0.1 at 2024-01-08 14:02:31 +0500
Processing by UsersController#new as HTML
  Rendering layout layouts/application.html.erb
  Rendering users/new.html.erb within layouts/application
  Rendered users/_form.html.erb (Duration: 27.6ms | Allocations: 936)
  Rendered users/new.html.erb within layouts/application (Duration: 29.1ms | Allocations: 994)
  Rendered layout layouts/application.html.erb (Duration: 53.5ms | Allocations: 2164)
Completed 200 OK in 119ms (Views: 64.8ms | ActiveRecord: 0.0ms | Allocations: 2485)


Started GET "/" for 127.0.0.1 at 2024-01-08 14:04:58 +0500
Processing by UsersController#new as HTML
  Rendering layout layouts/application.html.erb
  Rendering users/new.html.erb within layouts/application
  Rendered users/_form.html.erb (Duration: 9.3ms | Allocations: 1480)
  Rendered users/new.html.erb within layouts/application (Duration: 14.0ms | Allocations: 1972)
  Rendered layout layouts/application.html.erb (Duration: 69.4ms | Allocations: 18012)
Completed 200 OK in 107ms (Views: 76.4ms | ActiveRecord: 0.0ms | Allocations: 22881)


Started GET "/" for 127.0.0.1 at 2024-01-08 14:05:35 +0500
Processing by UsersController#new as HTML
  Rendering layout layouts/application.html.erb
  Rendering users/new.html.erb within layouts/application
  Rendered users/_form.html.erb (Duration: 5.9ms | Allocations: 1487)
  Rendered users/new.html.erb within layouts/application (Duration: 7.6ms | Allocations: 1976)
  Rendered layout layouts/application.html.erb (Duration: 77.2ms | Allocations: 18024)
Completed 200 OK in 286ms (Views: 80.9ms | ActiveRecord: 48.9ms | Allocations: 23567)


Started GET "/" for 127.0.0.1 at 2024-01-08 14:06:14 +0500
Processing by UsersController#new as HTML
  Rendering layout layouts/application.html.erb
  Rendering users/new.html.erb within layouts/application
  Rendered users/_form.html.erb (Duration: 3.9ms | Allocations: 1494)
  Rendered users/new.html.erb within layouts/application (Duration: 5.2ms | Allocations: 1981)
  Rendered layout layouts/application.html.erb (Duration: 59.8ms | Allocations: 17935)
Completed 200 OK in 75ms (Views: 62.6ms | ActiveRecord: 2.3ms | Allocations: 23482)


Started GET "/" for 127.0.0.1 at 2024-01-08 14:06:17 +0500
Processing by UsersController#new as HTML
  Rendering layout layouts/application.html.erb
  Rendering users/new.html.erb within layouts/application
  Rendered users/_form.html.erb (Duration: 7.7ms | Allocations: 924)
  Rendered users/new.html.erb within layouts/application (Duration: 8.9ms | Allocations: 981)
  Rendered layout layouts/application.html.erb (Duration: 22.7ms | Allocations: 2151)
Completed 200 OK in 29ms (Views: 26.7ms | ActiveRecord: 0.0ms | Allocations: 2495)


Started GET "/" for 127.0.0.1 at 2024-01-08 14:06:25 +0500
Processing by UsersController#new as HTML
  Rendering layout layouts/application.html.erb
  Rendering users/new.html.erb within layouts/application
  Rendered users/_form.html.erb (Duration: 20.0ms | Allocations: 1486)
  Rendered users/new.html.erb within layouts/application (Duration: 26.2ms | Allocations: 1972)
  Rendered layout layouts/application.html.erb (Duration: 146.6ms | Allocations: 17926)
Completed 200 OK in 175ms (Views: 155.4ms | ActiveRecord: 5.8ms | Allocations: 23460)


Started GET "/" for 127.0.0.1 at 2024-01-08 14:16:48 +0500
Processing by UsersController#new as HTML
  Rendering layout layouts/application.html.erb
  Rendering users/new.html.erb within layouts/application
  Rendered users/_form.html.erb (Duration: 4.9ms | Allocations: 1496)
  Rendered users/new.html.erb within layouts/application (Duration: 8.6ms | Allocations: 2056)
  Rendered layout layouts/application.html.erb (Duration: 87.7ms | Allocations: 18010)
Completed 200 OK in 109ms (Views: 94.5ms | ActiveRecord: 0.0ms | Allocations: 22807)


Started GET "/" for 127.0.0.1 at 2024-01-08 14:39:38 +0500
Processing by UsersController#new as HTML
  Rendering layout layouts/application.html.erb
  Rendering users/new.html.erb within layouts/application
  Rendered users/_form.html.erb (Duration: 3.2ms | Allocations: 1484)
  Rendered users/new.html.erb within layouts/application (Duration: 5.2ms | Allocations: 2053)
  Rendered layout layouts/application.html.erb (Duration: 28.7ms | Allocations: 18015)
Completed 200 OK in 40ms (Views: 32.5ms | ActiveRecord: 0.0ms | Allocations: 22812)


Started GET "/" for 127.0.0.1 at 2024-01-08 14:40:22 +0500
Processing by UsersController#new as HTML
  Rendering layout layouts/application.html.erb
  Rendering users/new.html.erb within layouts/application
  Rendered users/_form.html.erb (Duration: 2.5ms | Allocations: 1494)
  Rendered users/new.html.erb within layouts/application (Duration: 4.9ms | Allocations: 2065)
  Rendered layout layouts/application.html.erb (Duration: 142.0ms | Allocations: 18105)
Completed 200 OK in 155ms (Views: 144.8ms | ActiveRecord: 2.5ms | Allocations: 23640)


Started GET "/" for 127.0.0.1 at 2024-01-08 14:40:41 +0500
Processing by UsersController#new as HTML
  Rendering layout layouts/application.html.erb
  Rendering users/new.html.erb within layouts/application
  Rendered users/_form.html.erb (Duration: 3.8ms | Allocations: 1485)
  Rendered users/new.html.erb within layouts/application (Duration: 5.2ms | Allocations: 2060)
  Rendered layout layouts/application.html.erb (Duration: 33.3ms | Allocations: 18108)
Completed 200 OK in 51ms (Views: 37.4ms | ActiveRecord: 3.4ms | Allocations: 23669)


Started GET "/" for 127.0.0.1 at 2024-01-08 14:41:05 +0500
Processing by UsersController#new as HTML
  Rendering layout layouts/application.html.erb
  Rendering users/new.html.erb within layouts/application
  Rendered users/_form.html.erb (Duration: 3.5ms | Allocations: 1496)
  Rendered users/new.html.erb within layouts/application (Duration: 5.2ms | Allocations: 2067)
  Rendered layout layouts/application.html.erb (Duration: 25.7ms | Allocations: 18021)
Completed 200 OK in 41ms (Views: 28.9ms | ActiveRecord: 2.9ms | Allocations: 23549)


Started GET "/" for 127.0.0.1 at 2024-01-08 14:41:28 +0500
Processing by UsersController#new as HTML
  Rendering layout layouts/application.html.erb
  Rendering users/new.html.erb within layouts/application
  Rendered users/_form.html.erb (Duration: 3.2ms | Allocations: 1486)
  Rendered users/new.html.erb within layouts/application (Duration: 4.5ms | Allocations: 2054)
  Rendered layout layouts/application.html.erb (Duration: 23.5ms | Allocations: 18008)
Completed 200 OK in 40ms (Views: 28.4ms | ActiveRecord: 2.9ms | Allocations: 23541)


Started GET "/" for 127.0.0.1 at 2024-01-08 14:41:58 +0500
Processing by UsersController#new as HTML
  Rendering layout layouts/application.html.erb
  Rendering users/new.html.erb within layouts/application
  Rendered users/_form.html.erb (Duration: 2.7ms | Allocations: 1480)
  Rendered users/new.html.erb within layouts/application (Duration: 3.9ms | Allocations: 2048)
  Rendered layout layouts/application.html.erb (Duration: 30.6ms | Allocations: 18002)
Completed 200 OK in 47ms (Views: 33.9ms | ActiveRecord: 3.2ms | Allocations: 23528)


Started GET "/" for 127.0.0.1 at 2024-01-08 14:42:26 +0500
Processing by UsersController#new as HTML
  Rendering layout layouts/application.html.erb
  Rendering users/new.html.erb within layouts/application
  Rendered users/_form.html.erb (Duration: 3.6ms | Allocations: 1486)
  Rendered users/new.html.erb within layouts/application (Duration: 4.8ms | Allocations: 2057)
  Rendered layout layouts/application.html.erb (Duration: 25.4ms | Allocations: 18017)
Completed 200 OK in 40ms (Views: 29.3ms | ActiveRecord: 4.4ms | Allocations: 23544)


Started GET "/" for 127.0.0.1 at 2024-01-08 14:43:06 +0500
Processing by UsersController#new as HTML
  Rendering layout layouts/application.html.erb
  Rendering users/new.html.erb within layouts/application
  Rendered users/_form.html.erb (Duration: 5.0ms | Allocations: 1476)
  Rendered users/new.html.erb within layouts/application (Duration: 6.9ms | Allocations: 2048)
  Rendered layout layouts/application.html.erb (Duration: 42.5ms | Allocations: 18057)
Completed 200 OK in 90ms (Views: 48.5ms | ActiveRecord: 4.9ms | Allocations: 23584)


Started GET "/" for 127.0.0.1 at 2024-01-08 14:43:59 +0500
Processing by UsersController#new as HTML
  Rendering layout layouts/application.html.erb
  Rendering users/new.html.erb within layouts/application
  Rendered users/_form.html.erb (Duration: 9.3ms | Allocations: 1501)
  Rendered users/new.html.erb within layouts/application (Duration: 17.4ms | Allocations: 2076)
  Rendered layout layouts/application.html.erb (Duration: 51.8ms | Allocations: 18124)
Completed 200 OK in 91ms (Views: 57.9ms | ActiveRecord: 5.7ms | Allocations: 23714)


Started GET "/" for 127.0.0.1 at 2024-01-08 14:44:00 +0500
Processing by UsersController#new as HTML
  Rendering layout layouts/application.html.erb
  Rendering users/new.html.erb within layouts/application
  Rendered users/_form.html.erb (Duration: 2.2ms | Allocations: 928)
  Rendered users/new.html.erb within layouts/application (Duration: 2.5ms | Allocations: 985)
  Rendered layout layouts/application.html.erb (Duration: 4.9ms | Allocations: 2155)
Completed 200 OK in 6ms (Views: 5.6ms | ActiveRecord: 0.0ms | Allocations: 2489)


Started GET "/" for 127.0.0.1 at 2024-01-08 14:44:51 +0500
Processing by UsersController#new as HTML
  Rendering layout layouts/application.html.erb
  Rendering users/new.html.erb within layouts/application
  Rendered users/_form.html.erb (Duration: 3.2ms | Allocations: 1484)
  Rendered users/new.html.erb within layouts/application (Duration: 4.3ms | Allocations: 2055)
  Rendered layout layouts/application.html.erb (Duration: 23.9ms | Allocations: 18009)
Completed 200 OK in 37ms (Views: 26.5ms | ActiveRecord: 3.9ms | Allocations: 23537)


Started GET "/" for 127.0.0.1 at 2024-01-08 14:45:29 +0500
Processing by UsersController#new as HTML
  Rendering layout layouts/application.html.erb
  Rendering users/new.html.erb within layouts/application
  Rendered users/_form.html.erb (Duration: 2.7ms | Allocations: 1488)
  Rendered users/new.html.erb within layouts/application (Duration: 4.6ms | Allocations: 2059)
  Rendered layout layouts/application.html.erb (Duration: 25.9ms | Allocations: 18013)
Completed 200 OK in 40ms (Views: 29.0ms | ActiveRecord: 2.9ms | Allocations: 23539)


Started GET "/" for 127.0.0.1 at 2024-01-08 14:46:11 +0500
Processing by UsersController#new as HTML
  Rendering layout layouts/application.html.erb
  Rendering users/new.html.erb within layouts/application
  Rendered users/_form.html.erb (Duration: 2.3ms | Allocations: 1484)
  Rendered users/new.html.erb within layouts/application (Duration: 3.6ms | Allocations: 2058)
  Rendered layout layouts/application.html.erb (Duration: 23.1ms | Allocations: 18012)
Completed 200 OK in 39ms (Views: 26.0ms | ActiveRecord: 5.4ms | Allocations: 23538)


Started GET "/" for 127.0.0.1 at 2024-01-08 14:46:39 +0500
Processing by UsersController#new as HTML
  Rendering layout layouts/application.html.erb
  Rendering users/new.html.erb within layouts/application
  Rendered users/_form.html.erb (Duration: 3.3ms | Allocations: 1492)
  Rendered users/new.html.erb within layouts/application (Duration: 4.8ms | Allocations: 2067)
  Rendered layout layouts/application.html.erb (Duration: 24.0ms | Allocations: 18054)
Completed 200 OK in 39ms (Views: 26.6ms | ActiveRecord: 2.9ms | Allocations: 23582)


Started GET "/" for 127.0.0.1 at 2024-01-08 14:46:55 +0500
Processing by UsersController#new as HTML
  Rendering layout layouts/application.html.erb
  Rendering users/new.html.erb within layouts/application
  Rendered users/_form.html.erb (Duration: 4.2ms | Allocations: 1499)
  Rendered users/new.html.erb within layouts/application (Duration: 5.8ms | Allocations: 2071)
  Rendered layout layouts/application.html.erb (Duration: 29.0ms | Allocations: 18203)
Completed 200 OK in 44ms (Views: 31.8ms | ActiveRecord: 2.7ms | Allocations: 23756)


Started GET "/" for 127.0.0.1 at 2024-01-08 14:47:16 +0500
Processing by UsersController#new as HTML
  Rendering layout layouts/application.html.erb
  Rendering users/new.html.erb within layouts/application
  Rendered users/_form.html.erb (Duration: 2.6ms | Allocations: 1492)
  Rendered users/new.html.erb within layouts/application (Duration: 4.1ms | Allocations: 2063)
  Rendered layout layouts/application.html.erb (Duration: 25.1ms | Allocations: 18027)
Completed 200 OK in 41ms (Views: 28.4ms | ActiveRecord: 3.1ms | Allocations: 23561)


Started GET "/" for 127.0.0.1 at 2024-01-08 14:48:05 +0500
Processing by UsersController#new as HTML
  Rendering layout layouts/application.html.erb
  Rendering users/new.html.erb within layouts/application
  Rendered users/_form.html.erb (Duration: 3.5ms | Allocations: 1482)
  Rendered users/new.html.erb within layouts/application (Duration: 4.7ms | Allocations: 2059)
  Rendered layout layouts/application.html.erb (Duration: 23.9ms | Allocations: 18013)
Completed 200 OK in 40ms (Views: 27.4ms | ActiveRecord: 3.6ms | Allocations: 23541)


Started GET "/" for 127.0.0.1 at 2024-01-08 14:48:39 +0500
Processing by UsersController#new as HTML
  Rendering layout layouts/application.html.erb
  Rendering users/new.html.erb within layouts/application
  Rendered users/_form.html.erb (Duration: 3.1ms | Allocations: 1486)
  Rendered users/new.html.erb within layouts/application (Duration: 5.2ms | Allocations: 2066)
  Rendered layout layouts/application.html.erb (Duration: 30.6ms | Allocations: 18020)
Completed 200 OK in 52ms (Views: 36.0ms | ActiveRecord: 3.5ms | Allocations: 23546)


Started GET "/" for 127.0.0.1 at 2024-01-08 14:50:53 +0500
Processing by UsersController#new as HTML
  Rendering layout layouts/application.html.erb
  Rendering users/new.html.erb within layouts/application
  Rendered users/_form.html.erb (Duration: 2.7ms | Allocations: 1557)
  Rendered users/new.html.erb within layouts/application (Duration: 3.9ms | Allocations: 2236)
  Rendered layout layouts/application.html.erb (Duration: 33.6ms | Allocations: 18223)
Completed 200 OK in 55ms (Views: 38.4ms | ActiveRecord: 5.6ms | Allocations: 23751)


Started GET "/" for 127.0.0.1 at 2024-01-08 14:51:37 +0500
Processing by UsersController#new as HTML
  Rendering layout layouts/application.html.erb
  Rendering users/new.html.erb within layouts/application
  Rendered users/_form.html.erb (Duration: 2.7ms | Allocations: 1553)
  Rendered users/new.html.erb within layouts/application (Duration: 3.9ms | Allocations: 2230)
  Rendered layout layouts/application.html.erb (Duration: 23.6ms | Allocations: 18278)
Completed 200 OK in 39ms (Views: 27.3ms | ActiveRecord: 3.3ms | Allocations: 23869)


Started GET "/" for 127.0.0.1 at 2024-01-08 14:53:12 +0500
Processing by UsersController#new as HTML
  Rendering layout layouts/application.html.erb
  Rendering users/new.html.erb within layouts/application
  Rendered users/_form.html.erb (Duration: 3.9ms | Allocations: 1554)
  Rendered users/new.html.erb within layouts/application (Duration: 6.3ms | Allocations: 2227)
  Rendered layout layouts/application.html.erb (Duration: 31.4ms | Allocations: 18191)
Completed 200 OK in 46ms (Views: 34.7ms | ActiveRecord: 2.9ms | Allocations: 23725)


Started GET "/" for 127.0.0.1 at 2024-01-08 14:53:32 +0500
Processing by UsersController#new as HTML
  Rendering layout layouts/application.html.erb
  Rendering users/new.html.erb within layouts/application
  Rendered users/_form.html.erb (Duration: 2.0ms | Allocations: 1067)
  Rendered users/new.html.erb within layouts/application (Duration: 3.8ms | Allocations: 1739)
  Rendered layout layouts/application.html.erb (Duration: 23.0ms | Allocations: 17696)
Completed 200 OK in 38ms (Views: 26.3ms | ActiveRecord: 3.9ms | Allocations: 23224)


Started GET "/" for 127.0.0.1 at 2024-01-08 15:26:55 +0500
Processing by UsersController#new as HTML
  Rendering layout layouts/application.html.erb
  Rendering users/new.html.erb within layouts/application
  Rendered users/_form.html.erb (Duration: 13.0ms | Allocations: 1075)
  Rendered users/new.html.erb within layouts/application (Duration: 19.4ms | Allocations: 1748)
  Rendered layout layouts/application.html.erb (Duration: 124.6ms | Allocations: 17705)
Completed 200 OK in 166ms (Views: 143.0ms | ActiveRecord: 0.0ms | Allocations: 22501)


Started POST "/users" for 127.0.0.1 at 2024-01-08 15:27:05 +0500
Processing by UsersController#create as TURBO_STREAM
  Parameters: {"authenticity_token"=>"[FILTERED]", "user"=>{"name"=>"hibba", "email"=>"hibbabinterizwan@gmail.com", "phone_number"=>"+923215160300"}, "commit"=>"Create User"}
  [1m[36mTRANSACTION (0.0ms)[0m  [1m[36mbegin transaction[0m
  ↳ app/controllers/users_controller.rb:10:in `create'
  [1m[36mUser Create (5.2ms)[0m  [1m[32mINSERT INTO "users" ("name", "email", "phone_number", "created_at", "updated_at") VALUES (?, ?, ?, ?, ?) RETURNING "id"[0m  [["name", "hibba"], ["email", "hibbabinterizwan@gmail.com"], ["phone_number", "+923215160300"], ["created_at", "2024-01-08 10:27:05.025226"], ["updated_at", "2024-01-08 10:27:05.025226"]]
  ↳ app/controllers/users_controller.rb:10:in `create'
  [1m[36mTRANSACTION (0.5ms)[0m  [1m[36mcommit transaction[0m
  ↳ app/controllers/users_controller.rb:10:in `create'
Redirected to http://127.0.0.1:3000/
Completed 302 Found in 1621ms (ActiveRecord: 6.5ms | Allocations: 4861)


Started GET "/" for 127.0.0.1 at 2024-01-08 15:27:06 +0500
Processing by UsersController#new as TURBO_STREAM
  Rendering layout layouts/application.html.erb
  Rendering users/new.html.erb within layouts/application
  Rendered users/_form.html.erb (Duration: 1.2ms | Allocations: 701)
  Rendered users/new.html.erb within layouts/application (Duration: 1.4ms | Allocations: 812)
  Rendered layout layouts/application.html.erb (Duration: 3.2ms | Allocations: 2096)
Completed 200 OK in 4ms (Views: 3.6ms | ActiveRecord: 0.0ms | Allocations: 2510)


Started GET "/" for 127.0.0.1 at 2024-01-10 05:16:25 +0500
  [1m[36mActiveRecord::SchemaMigration Load (0.4ms)[0m  [1m[34mSELECT "schema_migrations"."version" FROM "schema_migrations" ORDER BY "schema_migrations"."version" ASC[0m
Processing by UsersController#new as HTML
  Rendering layout layouts/application.html.erb
  Rendering users/new.html.erb within layouts/application
  Rendered users/_form.html.erb (Duration: 12.4ms | Allocations: 3989)
  Rendered users/new.html.erb within layouts/application (Duration: 13.8ms | Allocations: 4800)
  Rendered layout layouts/application.html.erb (Duration: 72.3ms | Allocations: 39378)
Completed 200 OK in 152ms (Views: 79.1ms | ActiveRecord: 2.2ms | Allocations: 142510)


Started POST "/users" for 127.0.0.1 at 2024-01-10 05:16:33 +0500
Processing by UsersController#create as TURBO_STREAM
  Parameters: {"authenticity_token"=>"[FILTERED]", "user"=>{"name"=>"hibba", "email"=>"hibbabinterizwan@gmail.com", "phone_number"=>"+923215160300"}, "commit"=>"Create User"}
  [1m[36mTRANSACTION (0.1ms)[0m  [1m[36mbegin transaction[0m
  ↳ app/controllers/users_controller.rb:10:in `create'
  [1m[36mUser Create (1.1ms)[0m  [1m[32mINSERT INTO "users" ("name", "email", "phone_number", "created_at", "updated_at") VALUES (?, ?, ?, ?, ?) RETURNING "id"[0m  [["name", "hibba"], ["email", "hibbabinterizwan@gmail.com"], ["phone_number", "+923215160300"], ["created_at", "2024-01-10 00:16:33.843257"], ["updated_at", "2024-01-10 00:16:33.843257"]]
  ↳ app/controllers/users_controller.rb:10:in `create'
[ActiveJob] Enqueued SendSmsJob (Job ID: 6288d31e-c699-471d-849d-278bebb9d7b0) to Async(default) with arguments: #<GlobalID:0x00007fb679c6b038 @uri=#<URI::GID gid://sms-notofication-app/User/3>>
[ActiveJob] ↳ app/models/user.rb:12:in `send_welcome_sms'
  [1m[36mTRANSACTION (0.5ms)[0m  [1m[36mcommit transaction[0m
  ↳ app/controllers/users_controller.rb:10:in `create'
Redirected to http://127.0.0.1:3000/
Completed 302 Found in 46ms (ActiveRecord: 1.7ms | Allocations: 24308)


Started GET "/" for 127.0.0.1 at 2024-01-10 05:16:33 +0500
Processing by UsersController#new as TURBO_STREAM
  Rendering layout layouts/application.html.erb
  Rendering users/new.html.erb within layouts/application
  Rendered users/_form.html.erb (Duration: 0.9ms | Allocations: 745)
  Rendered users/new.html.erb within layouts/application (Duration: 1.2ms | Allocations: 953)
[ActiveJob] [SendSmsJob] [6288d31e-c699-471d-849d-278bebb9d7b0]   [1m[36mUser Load (0.1ms)[0m  [1m[34mSELECT "users".* FROM "users" WHERE "users"."id" = ? LIMIT ?[0m  [["id", 3], ["LIMIT", 1]]
[ActiveJob] [SendSmsJob] [6288d31e-c699-471d-849d-278bebb9d7b0] Performing SendSmsJob (Job ID: 6288d31e-c699-471d-849d-278bebb9d7b0) from Async(default) enqueued at 2024-01-10T00:16:33.884569000Z with arguments: #<GlobalID:0x00007fb6797c65a0 @uri=#<URI::GID gid://sms-notofication-app/User/3>>
  Rendered layout layouts/application.html.erb (Duration: 10.1ms | Allocations: 6083)
Completed 200 OK in 15ms (Views: 12.6ms | ActiveRecord: 0.0ms | Allocations: 6978)


[ActiveJob] [SendSmsJob] [6288d31e-c699-471d-849d-278bebb9d7b0] Error performing SendSmsJob (Job ID: 6288d31e-c699-471d-849d-278bebb9d7b0) from Async(default) in 783.97ms: NameError (undefined local variable or method `client' for #<SendSmsJob:0x00007fb679ca2498 @arguments=[#<User id: 3, name: "hibba", email: "hibbabinterizwan@gmail.com", phone_number: "+923215160300", created_at: "2024-01-10 00:16:33.843257000 +0000", updated_at: "2024-01-10 00:16:33.843257000 +0000">], @job_id="6288d31e-c699-471d-849d-278bebb9d7b0", @queue_name="default", @scheduled_at=nil, @_scheduled_at_time=nil, @priority=nil, @executions=1, @exception_executions={}, @timezone="UTC", @provider_job_id="255eaffe-1bf9-47eb-b662-4c7d8d3f4a50", @_halted_callback_hook_called=nil, @serialized_arguments=nil, @locale="en", @enqueued_at=2024-01-10 00:16:33.884569 UTC, @client=#<Twilio::REST::Client:0x00007fb67ddac498 @username="ACa03b567b13ed75ba00405071f4535bd0", @password="0ad4ec015bc86d20d0d76fe78cdd5190", @region=nil, @edge=nil, @account_sid="ACa03b567b13ed75ba00405071f4535bd0", @auth_token="0ad4ec015bc86d20d0d76fe78cdd5190", @auth=["ACa03b567b13ed75ba00405071f4535bd0", "0ad4ec015bc86d20d0d76fe78cdd5190"], @http_client=#<Twilio::HTTP::Client:0x00007fb67de72878 @proxy_prot=nil, @ssl_ca_file=nil, @timeout=nil, @adapter=:net_http, @configure_connection_blocks=[]>, @logger=nil, @user_agent_extensions=[]>>
Did you mean?  @client):
/Users/dev/Desktop/oprojects/SMSNotoficationApp/app/jobs/send_sms_job.rb:8:in `perform'
/Users/dev/.rbenv/versions/3.0.1/lib/ruby/gems/3.0.0/gems/activejob-7.1.2/lib/active_job/execution.rb:69:in `block in _perform_job'
/Users/dev/.rbenv/versions/3.0.1/lib/ruby/gems/3.0.0/gems/activesupport-7.1.2/lib/active_support/callbacks.rb:121:in `block in run_callbacks'
/Users/dev/.rbenv/versions/3.0.1/lib/ruby/gems/3.0.0/gems/i18n-1.14.1/lib/i18n.rb:322:in `with_locale'
/Users/dev/.rbenv/versions/3.0.1/lib/ruby/gems/3.0.0/gems/activejob-7.1.2/lib/active_job/translation.rb:9:in `block (2 levels) in <module:Translation>'
/Users/dev/.rbenv/versions/3.0.1/lib/ruby/gems/3.0.0/gems/activesupport-7.1.2/lib/active_support/callbacks.rb:130:in `instance_exec'
/Users/dev/.rbenv/versions/3.0.1/lib/ruby/gems/3.0.0/gems/activesupport-7.1.2/lib/active_support/callbacks.rb:130:in `block in run_callbacks'
/Users/dev/.rbenv/versions/3.0.1/lib/ruby/gems/3.0.0/gems/activesupport-7.1.2/lib/active_support/core_ext/time/zones.rb:65:in `use_zone'
/Users/dev/.rbenv/versions/3.0.1/lib/ruby/gems/3.0.0/gems/activejob-7.1.2/lib/active_job/timezones.rb:9:in `block (2 levels) in <module:Timezones>'
/Users/dev/.rbenv/versions/3.0.1/lib/ruby/gems/3.0.0/gems/activesupport-7.1.2/lib/active_support/callbacks.rb:130:in `instance_exec'
/Users/dev/.rbenv/versions/3.0.1/lib/ruby/gems/3.0.0/gems/activesupport-7.1.2/lib/active_support/callbacks.rb:130:in `block in run_callbacks'
/Users/dev/.rbenv/versions/3.0.1/lib/ruby/gems/3.0.0/gems/activesupport-7.1.2/lib/active_support/callbacks.rb:141:in `run_callbacks'
/Users/dev/.rbenv/versions/3.0.1/lib/ruby/gems/3.0.0/gems/activejob-7.1.2/lib/active_job/execution.rb:68:in `_perform_job'
/Users/dev/.rbenv/versions/3.0.1/lib/ruby/gems/3.0.0/gems/activejob-7.1.2/lib/active_job/instrumentation.rb:32:in `_perform_job'
/Users/dev/.rbenv/versions/3.0.1/lib/ruby/gems/3.0.0/gems/activejob-7.1.2/lib/active_job/execution.rb:52:in `perform_now'
/Users/dev/.rbenv/versions/3.0.1/lib/ruby/gems/3.0.0/gems/activejob-7.1.2/lib/active_job/instrumentation.rb:26:in `block in perform_now'
/Users/dev/.rbenv/versions/3.0.1/lib/ruby/gems/3.0.0/gems/activerecord-7.1.2/lib/active_record/railties/job_runtime.rb:13:in `block in instrument'
/Users/dev/.rbenv/versions/3.0.1/lib/ruby/gems/3.0.0/gems/activejob-7.1.2/lib/active_job/instrumentation.rb:40:in `block in instrument'
/Users/dev/.rbenv/versions/3.0.1/lib/ruby/gems/3.0.0/gems/activesupport-7.1.2/lib/active_support/notifications.rb:206:in `block in instrument'
/Users/dev/.rbenv/versions/3.0.1/lib/ruby/gems/3.0.0/gems/activesupport-7.1.2/lib/active_support/notifications/instrumenter.rb:58:in `instrument'
/Users/dev/.rbenv/versions/3.0.1/lib/ruby/gems/3.0.0/gems/activesupport-7.1.2/lib/active_support/notifications.rb:206:in `instrument'
/Users/dev/.rbenv/versions/3.0.1/lib/ruby/gems/3.0.0/gems/activejob-7.1.2/lib/active_job/instrumentation.rb:39:in `instrument'
/Users/dev/.rbenv/versions/3.0.1/lib/ruby/gems/3.0.0/gems/activerecord-7.1.2/lib/active_record/railties/job_runtime.rb:11:in `instrument'
/Users/dev/.rbenv/versions/3.0.1/lib/ruby/gems/3.0.0/gems/activejob-7.1.2/lib/active_job/instrumentation.rb:26:in `perform_now'
/Users/dev/.rbenv/versions/3.0.1/lib/ruby/gems/3.0.0/gems/activejob-7.1.2/lib/active_job/logging.rb:18:in `block in perform_now'
/Users/dev/.rbenv/versions/3.0.1/lib/ruby/gems/3.0.0/gems/activesupport-7.1.2/lib/active_support/tagged_logging.rb:135:in `block in tagged'
/Users/dev/.rbenv/versions/3.0.1/lib/ruby/gems/3.0.0/gems/activesupport-7.1.2/lib/active_support/tagged_logging.rb:39:in `tagged'
/Users/dev/.rbenv/versions/3.0.1/lib/ruby/gems/3.0.0/gems/activesupport-7.1.2/lib/active_support/tagged_logging.rb:135:in `tagged'
/Users/dev/.rbenv/versions/3.0.1/lib/ruby/gems/3.0.0/gems/activesupport-7.1.2/lib/active_support/broadcast_logger.rb:240:in `method_missing'
/Users/dev/.rbenv/versions/3.0.1/lib/ruby/gems/3.0.0/gems/activejob-7.1.2/lib/active_job/logging.rb:25:in `tag_logger'
/Users/dev/.rbenv/versions/3.0.1/lib/ruby/gems/3.0.0/gems/activejob-7.1.2/lib/active_job/logging.rb:18:in `perform_now'
/Users/dev/.rbenv/versions/3.0.1/lib/ruby/gems/3.0.0/gems/activejob-7.1.2/lib/active_job/execution.rb:30:in `block in execute'
/Users/dev/.rbenv/versions/3.0.1/lib/ruby/gems/3.0.0/gems/activesupport-7.1.2/lib/active_support/callbacks.rb:121:in `block in run_callbacks'
/Users/dev/.rbenv/versions/3.0.1/lib/ruby/gems/3.0.0/gems/activejob-7.1.2/lib/active_job/railtie.rb:67:in `block (4 levels) in <class:Railtie>'
/Users/dev/.rbenv/versions/3.0.1/lib/ruby/gems/3.0.0/gems/activesupport-7.1.2/lib/active_support/reloader.rb:77:in `block in wrap'
/Users/dev/.rbenv/versions/3.0.1/lib/ruby/gems/3.0.0/gems/activesupport-7.1.2/lib/active_support/execution_wrapper.rb:92:in `wrap'
/Users/dev/.rbenv/versions/3.0.1/lib/ruby/gems/3.0.0/gems/activesupport-7.1.2/lib/active_support/reloader.rb:74:in `wrap'
/Users/dev/.rbenv/versions/3.0.1/lib/ruby/gems/3.0.0/gems/activejob-7.1.2/lib/active_job/railtie.rb:66:in `block (3 levels) in <class:Railtie>'
/Users/dev/.rbenv/versions/3.0.1/lib/ruby/gems/3.0.0/gems/activesupport-7.1.2/lib/active_support/callbacks.rb:130:in `instance_exec'
/Users/dev/.rbenv/versions/3.0.1/lib/ruby/gems/3.0.0/gems/activesupport-7.1.2/lib/active_support/callbacks.rb:130:in `block in run_callbacks'
/Users/dev/.rbenv/versions/3.0.1/lib/ruby/gems/3.0.0/gems/activesupport-7.1.2/lib/active_support/callbacks.rb:141:in `run_callbacks'
/Users/dev/.rbenv/versions/3.0.1/lib/ruby/gems/3.0.0/gems/activejob-7.1.2/lib/active_job/execution.rb:28:in `execute'
/Users/dev/.rbenv/versions/3.0.1/lib/ruby/gems/3.0.0/gems/activejob-7.1.2/lib/active_job/queue_adapters/async_adapter.rb:70:in `perform'
/Users/dev/.rbenv/versions/3.0.1/lib/ruby/gems/3.0.0/gems/concurrent-ruby-1.2.2/lib/concurrent-ruby/concurrent/executor/ruby_thread_pool_executor.rb:352:in `run_task'
/Users/dev/.rbenv/versions/3.0.1/lib/ruby/gems/3.0.0/gems/concurrent-ruby-1.2.2/lib/concurrent-ruby/concurrent/executor/ruby_thread_pool_executor.rb:343:in `block (3 levels) in create_worker'
/Users/dev/.rbenv/versions/3.0.1/lib/ruby/gems/3.0.0/gems/concurrent-ruby-1.2.2/lib/concurrent-ruby/concurrent/executor/ruby_thread_pool_executor.rb:334:in `loop'
/Users/dev/.rbenv/versions/3.0.1/lib/ruby/gems/3.0.0/gems/concurrent-ruby-1.2.2/lib/concurrent-ruby/concurrent/executor/ruby_thread_pool_executor.rb:334:in `block (2 levels) in create_worker'
/Users/dev/.rbenv/versions/3.0.1/lib/ruby/gems/3.0.0/gems/concurrent-ruby-1.2.2/lib/concurrent-ruby/concurrent/executor/ruby_thread_pool_executor.rb:333:in `catch'
/Users/dev/.rbenv/versions/3.0.1/lib/ruby/gems/3.0.0/gems/concurrent-ruby-1.2.2/lib/concurrent-ruby/concurrent/executor/ruby_thread_pool_executor.rb:333:in `block in create_worker'
Started POST "/users" for 127.0.0.1 at 2024-01-10 05:17:38 +0500
Processing by UsersController#create as TURBO_STREAM
  Parameters: {"authenticity_token"=>"[FILTERED]", "user"=>{"name"=>"hibba", "email"=>"hibbabinterizwan@gmail.com", "phone_number"=>"+923215160300"}, "commit"=>"Create User"}
  [1m[36mTRANSACTION (0.0ms)[0m  [1m[36mbegin transaction[0m
  ↳ app/controllers/users_controller.rb:10:in `create'
  [1m[36mUser Create (1.1ms)[0m  [1m[32mINSERT INTO "users" ("name", "email", "phone_number", "created_at", "updated_at") VALUES (?, ?, ?, ?, ?) RETURNING "id"[0m  [["name", "hibba"], ["email", "hibbabinterizwan@gmail.com"], ["phone_number", "+923215160300"], ["created_at", "2024-01-10 00:17:38.375086"], ["updated_at", "2024-01-10 00:17:38.375086"]]
  ↳ app/controllers/users_controller.rb:10:in `create'
[ActiveJob] Enqueued SendSmsJob (Job ID: ad040cc0-92c5-45dd-8cd9-bfbf991f1ff7) to Async(default) with arguments: #<GlobalID:0x00007fb67d82d440 @uri=#<URI::GID gid://sms-notofication-app/User/4>>
[ActiveJob] ↳ app/models/user.rb:12:in `send_welcome_sms'
  [1m[36mTRANSACTION (0.4ms)[0m  [1m[36mcommit transaction[0m
  ↳ app/controllers/users_controller.rb:10:in `create'
Redirected to http://127.0.0.1:3000/
Completed 302 Found in 15ms (ActiveRecord: 3.6ms | Allocations: 8375)


Started GET "/" for 127.0.0.1 at 2024-01-10 05:17:38 +0500
[ActiveJob] [SendSmsJob] [ad040cc0-92c5-45dd-8cd9-bfbf991f1ff7]   [1m[36mUser Load (0.1ms)[0m  [1m[34mSELECT "users".* FROM "users" WHERE "users"."id" = ? LIMIT ?[0m  [["id", 4], ["LIMIT", 1]]
[ActiveJob] [SendSmsJob] [ad040cc0-92c5-45dd-8cd9-bfbf991f1ff7] Performing SendSmsJob (Job ID: ad040cc0-92c5-45dd-8cd9-bfbf991f1ff7) from Async(default) enqueued at 2024-01-10T00:17:38.379622000Z with arguments: #<GlobalID:0x00007fb67addb480 @uri=#<URI::GID gid://sms-notofication-app/User/4>>
Processing by UsersController#new as TURBO_STREAM
  Rendering layout layouts/application.html.erb
  Rendering users/new.html.erb within layouts/application
  Rendered users/_form.html.erb (Duration: 1.6ms | Allocations: 1065)
  Rendered users/new.html.erb within layouts/application (Duration: 2.8ms | Allocations: 1786)
  Rendered layout layouts/application.html.erb (Duration: 123.8ms | Allocations: 17839)
Completed 200 OK in 129ms (Views: 125.9ms | ActiveRecord: 0.0ms | Allocations: 19239)


[ActiveJob] [SendSmsJob] [ad040cc0-92c5-45dd-8cd9-bfbf991f1ff7] Performed SendSmsJob (Job ID: ad040cc0-92c5-45dd-8cd9-bfbf991f1ff7) from Async(default) in 2570.12ms
